<?xml version="1.0" encoding="UTF-8"?>
<!-- Generated by org.testng.reporters.JUnitXMLReporter -->
<testsuite ignored="0" hostname="Mac-mini-de-OUBILLUS.local" failures="0" tests="7" name="Default test" time="0.118" errors="0" timestamp="06 Dec 2017 17:19:34 GMT">
  <testcase classname="com.ifs.base.Setup" name="@BeforeClass initializeTestBaseSetup" time="0.0">
    <failure type="org.testng.TestNGException" message="
Parameter &amp;apos;browserType&amp;apos; is required by BeforeClass on method initializeTestBaseSetup but has not been marked @Optional or defined
in /private/var/folders/59/y_w4s2yd1zs5l1sxd4xg5sprn7sbhl/T/testng-eclipse-788171660/testng-customsuite.xml">
      <![CDATA[org.testng.TestNGException: 
Parameter 'browserType' is required by BeforeClass on method initializeTestBaseSetup but has not been marked @Optional or defined
in /private/var/folders/59/y_w4s2yd1zs5l1sxd4xg5sprn7sbhl/T/testng-eclipse-788171660/testng-customsuite.xml
	at org.testng.internal.Parameters.createParams(Parameters.java:248)
	at org.testng.internal.Parameters.createParametersForMethod(Parameters.java:286)
	at org.testng.internal.Parameters.createParameters(Parameters.java:547)
	at org.testng.internal.Parameters.createConfigurationParameters(Parameters.java:150)
	at org.testng.internal.Invoker.invokeConfigurations(Invoker.java:206)
	at org.testng.internal.Invoker.invokeConfigurations(Invoker.java:146)
	at org.testng.internal.TestMethodWorker.invokeBeforeClassMethods(TestMethodWorker.java:165)
	at org.testng.internal.TestMethodWorker.run(TestMethodWorker.java:105)
	at org.testng.TestRunner.privateRun(TestRunner.java:776)
	at org.testng.TestRunner.run(TestRunner.java:634)
	at org.testng.SuiteRunner.runTest(SuiteRunner.java:425)
	at org.testng.SuiteRunner.runSequentially(SuiteRunner.java:420)
	at org.testng.SuiteRunner.privateRun(SuiteRunner.java:385)
	at org.testng.SuiteRunner.run(SuiteRunner.java:334)
	at org.testng.SuiteRunnerWorker.runSuite(SuiteRunnerWorker.java:52)
	at org.testng.SuiteRunnerWorker.run(SuiteRunnerWorker.java:86)
	at org.testng.TestNG.runSuitesSequentially(TestNG.java:1318)
	at org.testng.TestNG.runSuitesLocally(TestNG.java:1243)
	at org.testng.TestNG.runSuites(TestNG.java:1161)
	at org.testng.TestNG.run(TestNG.java:1129)
	at org.testng.remote.AbstractRemoteTestNG.run(AbstractRemoteTestNG.java:114)
	at org.testng.remote.RemoteTestNG.initAndRun(RemoteTestNG.java:251)
	at org.testng.remote.RemoteTestNG.main(RemoteTestNG.java:77)
]]>
    </failure>
  </testcase> <!-- @BeforeClass initializeTestBaseSetup -->
  <testcase classname="com.ifs.tests.SignInPageTest" name="@BeforeClass setUp" time="0.0">
    <skipped/>
  </testcase> <!-- @BeforeClass setUp -->
  <testcase classname="com.ifs.base.Setup" name="@BeforeClass initializeTestBaseSetup" time="0.0">
    <skipped/>
  </testcase> <!-- @BeforeClass initializeTestBaseSetup -->
  <testcase classname="com.ifs.tests.UploadMediaTest" name="@BeforeClass setUp" time="0.0">
    <skipped/>
  </testcase> <!-- @BeforeClass setUp -->
  <testcase classname="com.ifs.base.Setup" name="@BeforeClass initializeTestBaseSetup" time="0.0">
    <skipped/>
  </testcase> <!-- @BeforeClass initializeTestBaseSetup -->
  <testcase classname="com.ifs.tests.ChannelPageTest" name="@BeforeClass setUp" time="0.0">
    <skipped/>
  </testcase> <!-- @BeforeClass setUp -->
  <testcase classname="com.ifs.base.Setup" name="@BeforeClass initializeTestBaseSetup" time="0.0">
    <skipped/>
  </testcase> <!-- @BeforeClass initializeTestBaseSetup -->
  <testcase classname="com.ifs.tests.BuildMenuTest" name="@BeforeClass setUp" time="0.0">
    <skipped/>
  </testcase> <!-- @BeforeClass setUp -->
  <testcase classname="com.ifs.base.Setup" name="@BeforeClass initializeTestBaseSetup" time="0.0">
    <skipped/>
  </testcase> <!-- @BeforeClass initializeTestBaseSetup -->
  <testcase classname="com.ifs.tests.HomePageTest" name="@BeforeClass setUp" time="0.0">
    <skipped/>
  </testcase> <!-- @BeforeClass setUp -->
  <testcase classname="com.ifs.base.Setup" name="@AfterClass tearDown" time="0.0">
    <skipped/>
  </testcase> <!-- @AfterClass tearDown -->
  <testcase classname="com.ifs.base.Setup" name="@BeforeClass initializeTestBaseSetup" time="0.0">
    <skipped/>
  </testcase> <!-- @BeforeClass initializeTestBaseSetup -->
  <testcase classname="com.ifs.tests.SupportSectionTest" name="@BeforeClass setUp" time="0.0">
    <skipped/>
  </testcase> <!-- @BeforeClass setUp -->
  <testcase classname="com.ifs.base.Setup" name="@AfterClass tearDown" time="0.0">
    <skipped/>
  </testcase> <!-- @AfterClass tearDown -->
  <testcase classname="com.ifs.tests.SignInPageTest" name="verifySignInEmpty" time="0.0">
    <skipped/>
  </testcase> <!-- verifySignInEmpty -->
  <testcase classname="com.ifs.tests.SignInPageTest" name="verifySignInSucessfully" time="0.0">
    <skipped/>
  </testcase> <!-- verifySignInSucessfully -->
  <testcase classname="com.ifs.tests.UploadMediaTest" name="OpenUpload" time="0.001">
    <skipped/>
  </testcase> <!-- OpenUpload -->
  <testcase classname="com.ifs.tests.ChannelPageTest" name="CreateChannel" time="0.0">
    <skipped/>
  </testcase> <!-- CreateChannel -->
  <testcase classname="com.ifs.tests.BuildMenuTest" name="verifyBuild" time="0.0">
    <skipped/>
  </testcase> <!-- verifyBuild -->
  <testcase classname="com.ifs.tests.HomePageTest" name="verifyLoadHomePage" time="0.0">
    <skipped/>
  </testcase> <!-- verifyLoadHomePage -->
  <testcase classname="com.ifs.tests.SupportSectionTest" name="verifyCreateAnAccounPage" time="0.0">
    <skipped/>
  </testcase> <!-- verifyCreateAnAccounPage -->
</testsuite> <!-- Default test -->
