<html>
<head>
<title>TestNG:  Default test</title>
<link href="../testng.css" rel="stylesheet" type="text/css" />
<link href="../my-testng.css" rel="stylesheet" type="text/css" />

<style type="text/css">
.log { display: none;} 
.stack-trace { display: none;} 
</style>
<script type="text/javascript">
<!--
function flip(e) {
  current = e.style.display;
  if (current == 'block') {
    e.style.display = 'none';
    return 0;
  }
  else {
    e.style.display = 'block';
    return 1;
  }
}

function toggleBox(szDivId, elem, msg1, msg2)
{
  var res = -1;  if (document.getElementById) {
    res = flip(document.getElementById(szDivId));
  }
  else if (document.all) {
    // this is the way old msie versions work
    res = flip(document.all[szDivId]);
  }
  if(elem) {
    if(res == 0) elem.innerHTML = msg1; else elem.innerHTML = msg2;
  }

}

function toggleAllBoxes() {
  if (document.getElementsByTagName) {
    d = document.getElementsByTagName('div');
    for (i = 0; i < d.length; i++) {
      if (d[i].className == 'log') {
        flip(d[i]);
      }
    }
  }
}

// -->
</script>

</head>
<body>
<h2 align='center'>Default test</h2><table border='1' align="center">
<tr>
<td>Tests passed/Failed/Skipped:</td><td>0/0/7</td>
</tr><tr>
<td>Started on:</td><td>Wed Dec 06 12:19:34 PET 2017</td>
</tr>
<tr><td>Total time:</td><td>0 seconds (118 ms)</td>
</tr><tr>
<td>Included groups:</td><td></td>
</tr><tr>
<td>Excluded groups:</td><td></td>
</tr>
</table><p/>
<small><i>(Hover the method name to see the test class name)</i></small><p/>
<table width='100%' border='1' class='invocation-failed'>
<tr><td colspan='4' align='center'><b>FAILED CONFIGURATIONS</b></td></tr>
<tr><td><b>Test method</b></td>
<td width="30%"><b>Exception</b></td>
<td width="10%"><b>Time (seconds)</b></td>
<td><b>Instance</b></td>
</tr>
<tr>
<td title='com.ifs.tests.SignInPageTest.initializeTestBaseSetup()'><b>initializeTestBaseSetup</b><br>Test class: com.ifs.tests.SignInPageTest</td>
<td><div><pre>org.testng.TestNGException: 
Parameter &apos;browserType&apos; is required by BeforeClass on method initializeTestBaseSetup but has not been marked @Optional or defined
in /private/var/folders/59/y_w4s2yd1zs5l1sxd4xg5sprn7sbhl/T/testng-eclipse-788171660/testng-customsuite.xml
	at org.testng.internal.Parameters.createParams(Parameters.java:248)
	at org.testng.internal.Parameters.createParametersForMethod(Parameters.java:286)
	at org.testng.internal.Parameters.createParameters(Parameters.java:547)
	at org.testng.internal.Parameters.createConfigurationParameters(Parameters.java:150)
	at org.testng.internal.Invoker.invokeConfigurations(Invoker.java:206)
	at org.testng.internal.Invoker.invokeConfigurations(Invoker.java:146)
	at org.testng.internal.TestMethodWorker.invokeBeforeClassMethods(TestMethodWorker.java:165)
	at org.testng.internal.TestMethodWorker.run(TestMethodWorker.java:105)
	at org.testng.TestRunner.privateRun(TestRunner.java:776)
	at org.testng.TestRunner.run(TestRunner.java:634)
	at org.testng.SuiteRunner.runTest(SuiteRunner.java:425)
	at org.testng.SuiteRunner.runSequentially(SuiteRunner.java:420)
	at org.testng.SuiteRunner.privateRun(SuiteRunner.java:385)
	at org.testng.SuiteRunner.run(SuiteRunner.java:334)
	at org.testng.SuiteRunnerWorker.runSuite(SuiteRunnerWorker.java:52)
	at org.testng.SuiteRunnerWorker.run(SuiteRunnerWorker.java:86)
	at org.testng.TestNG.runSuitesSequentially(TestNG.java:1318)
	at org.testng.TestNG.runSuitesLocally(TestNG.java:1243)
	at org.testng.TestNG.runSuites(TestNG.java:1161)
	at org.testng.TestNG.run(TestNG.java:1129)
	at org.testng.remote.AbstractRemoteTestNG.run(AbstractRemoteTestNG.java:114)
	at org.testng.remote.RemoteTestNG.initAndRun(RemoteTestNG.java:251)
	at org.testng.remote.RemoteTestNG.main(RemoteTestNG.java:77)
</pre></div><a href='#' onClick='toggleBox("stack-trace1117519786", this, "Click to show all stack frames", "Click to hide stack frames")'>Click to show all stack frames</a>
<div class='stack-trace' id='stack-trace1117519786'><pre>org.testng.TestNGException: 
Parameter &apos;browserType&apos; is required by BeforeClass on method initializeTestBaseSetup but has not been marked @Optional or defined
in /private/var/folders/59/y_w4s2yd1zs5l1sxd4xg5sprn7sbhl/T/testng-eclipse-788171660/testng-customsuite.xml
	at org.testng.internal.Parameters.createParams(Parameters.java:248)
	at org.testng.internal.Parameters.createParametersForMethod(Parameters.java:286)
	at org.testng.internal.Parameters.createParameters(Parameters.java:547)
	at org.testng.internal.Parameters.createConfigurationParameters(Parameters.java:150)
	at org.testng.internal.Invoker.invokeConfigurations(Invoker.java:206)
	at org.testng.internal.Invoker.invokeConfigurations(Invoker.java:146)
	at org.testng.internal.TestMethodWorker.invokeBeforeClassMethods(TestMethodWorker.java:165)
	at org.testng.internal.TestMethodWorker.run(TestMethodWorker.java:105)
	at org.testng.TestRunner.privateRun(TestRunner.java:776)
	at org.testng.TestRunner.run(TestRunner.java:634)
	at org.testng.SuiteRunner.runTest(SuiteRunner.java:425)
	at org.testng.SuiteRunner.runSequentially(SuiteRunner.java:420)
	at org.testng.SuiteRunner.privateRun(SuiteRunner.java:385)
	at org.testng.SuiteRunner.run(SuiteRunner.java:334)
	at org.testng.SuiteRunnerWorker.runSuite(SuiteRunnerWorker.java:52)
	at org.testng.SuiteRunnerWorker.run(SuiteRunnerWorker.java:86)
	at org.testng.TestNG.runSuitesSequentially(TestNG.java:1318)
	at org.testng.TestNG.runSuitesLocally(TestNG.java:1243)
	at org.testng.TestNG.runSuites(TestNG.java:1161)
	at org.testng.TestNG.run(TestNG.java:1129)
	at org.testng.remote.AbstractRemoteTestNG.run(AbstractRemoteTestNG.java:114)
	at org.testng.remote.RemoteTestNG.initAndRun(RemoteTestNG.java:251)
	at org.testng.remote.RemoteTestNG.main(RemoteTestNG.java:77)
</pre></div></td>
<td>0</td>
<td>com.ifs.tests.SignInPageTest@1bb266b3</td></tr>
</table><p>
<table width='100%' border='1' class='invocation-skipped'>
<tr><td colspan='4' align='center'><b>SKIPPED CONFIGURATIONS</b></td></tr>
<tr><td><b>Test method</b></td>
<td width="30%"><b>Exception</b></td>
<td width="10%"><b>Time (seconds)</b></td>
<td><b>Instance</b></td>
</tr>
<tr>
<td title='com.ifs.tests.SignInPageTest.setUp()'><b>setUp</b><br>Test class: com.ifs.tests.SignInPageTest</td>
<td></td>
<td>0</td>
<td>com.ifs.tests.SignInPageTest@1bb266b3</td></tr>
<tr>
<td title='com.ifs.tests.UploadMediaTest.initializeTestBaseSetup()'><b>initializeTestBaseSetup</b><br>Test class: com.ifs.tests.UploadMediaTest</td>
<td></td>
<td>0</td>
<td>com.ifs.tests.UploadMediaTest@5939a379</td></tr>
<tr>
<td title='com.ifs.tests.UploadMediaTest.setUp()'><b>setUp</b><br>Test class: com.ifs.tests.UploadMediaTest</td>
<td></td>
<td>0</td>
<td>com.ifs.tests.UploadMediaTest@5939a379</td></tr>
<tr>
<td title='com.ifs.tests.ChannelPageTest.initializeTestBaseSetup()'><b>initializeTestBaseSetup</b><br>Test class: com.ifs.tests.ChannelPageTest</td>
<td></td>
<td>0</td>
<td>com.ifs.tests.ChannelPageTest@306cf3ea</td></tr>
<tr>
<td title='com.ifs.tests.ChannelPageTest.setUp()'><b>setUp</b><br>Test class: com.ifs.tests.ChannelPageTest</td>
<td></td>
<td>0</td>
<td>com.ifs.tests.ChannelPageTest@306cf3ea</td></tr>
<tr>
<td title='com.ifs.tests.BuildMenuTest.initializeTestBaseSetup()'><b>initializeTestBaseSetup</b><br>Test class: com.ifs.tests.BuildMenuTest</td>
<td></td>
<td>0</td>
<td>com.ifs.tests.BuildMenuTest@2beee7ff</td></tr>
<tr>
<td title='com.ifs.tests.BuildMenuTest.setUp()'><b>setUp</b><br>Test class: com.ifs.tests.BuildMenuTest</td>
<td></td>
<td>0</td>
<td>com.ifs.tests.BuildMenuTest@2beee7ff</td></tr>
<tr>
<td title='com.ifs.tests.HomePageTest.initializeTestBaseSetup()'><b>initializeTestBaseSetup</b><br>Test class: com.ifs.tests.HomePageTest</td>
<td></td>
<td>0</td>
<td>com.ifs.tests.HomePageTest@e1de817</td></tr>
<tr>
<td title='com.ifs.tests.HomePageTest.setUp()'><b>setUp</b><br>Test class: com.ifs.tests.HomePageTest</td>
<td></td>
<td>0</td>
<td>com.ifs.tests.HomePageTest@e1de817</td></tr>
<tr>
<td title='com.ifs.tests.SupportSectionTest.initializeTestBaseSetup()'><b>initializeTestBaseSetup</b><br>Test class: com.ifs.tests.SupportSectionTest</td>
<td></td>
<td>0</td>
<td>com.ifs.tests.SupportSectionTest@5136d012</td></tr>
<tr>
<td title='com.ifs.tests.SupportSectionTest.setUp()'><b>setUp</b><br>Test class: com.ifs.tests.SupportSectionTest</td>
<td></td>
<td>0</td>
<td>com.ifs.tests.SupportSectionTest@5136d012</td></tr>
<tr>
<td title='com.ifs.tests.HomePageTest.tearDown()'><b>tearDown</b><br>Test class: com.ifs.tests.HomePageTest</td>
<td></td>
<td>0</td>
<td>com.ifs.tests.HomePageTest@e1de817</td></tr>
<tr>
<td title='com.ifs.tests.SupportSectionTest.tearDown()'><b>tearDown</b><br>Test class: com.ifs.tests.SupportSectionTest</td>
<td></td>
<td>0</td>
<td>com.ifs.tests.SupportSectionTest@5136d012</td></tr>
</table><p>
<table width='100%' border='1' class='invocation-skipped'>
<tr><td colspan='4' align='center'><b>SKIPPED TESTS</b></td></tr>
<tr><td><b>Test method</b></td>
<td width="30%"><b>Exception</b></td>
<td width="10%"><b>Time (seconds)</b></td>
<td><b>Instance</b></td>
</tr>
<tr>
<td title='com.ifs.tests.ChannelPageTest.CreateChannel()'><b>CreateChannel</b><br>Test class: com.ifs.tests.ChannelPageTest</td>
<td><div><pre>org.testng.TestNGException: 
Parameter &apos;browserType&apos; is required by BeforeClass on method initializeTestBaseSetup but has not been marked @Optional or defined
in /private/var/folders/59/y_w4s2yd1zs5l1sxd4xg5sprn7sbhl/T/testng-eclipse-788171660/testng-customsuite.xml
	at org.testng.internal.Parameters.createParams(Parameters.java:248)
	at org.testng.internal.Parameters.createParametersForMethod(Parameters.java:286)
	at org.testng.internal.Parameters.createParameters(Parameters.java:547)
	at org.testng.internal.Parameters.createConfigurationParameters(Parameters.java:150)
	at org.testng.internal.Invoker.invokeConfigurations(Invoker.java:206)
	at org.testng.internal.Invoker.invokeConfigurations(Invoker.java:146)
	at org.testng.internal.TestMethodWorker.invokeBeforeClassMethods(TestMethodWorker.java:165)
	at org.testng.internal.TestMethodWorker.run(TestMethodWorker.java:105)
	at org.testng.TestRunner.privateRun(TestRunner.java:776)
	at org.testng.TestRunner.run(TestRunner.java:634)
	at org.testng.SuiteRunner.runTest(SuiteRunner.java:425)
	at org.testng.SuiteRunner.runSequentially(SuiteRunner.java:420)
	at org.testng.SuiteRunner.privateRun(SuiteRunner.java:385)
	at org.testng.SuiteRunner.run(SuiteRunner.java:334)
	at org.testng.SuiteRunnerWorker.runSuite(SuiteRunnerWorker.java:52)
	at org.testng.SuiteRunnerWorker.run(SuiteRunnerWorker.java:86)
	at org.testng.TestNG.runSuitesSequentially(TestNG.java:1318)
	at org.testng.TestNG.runSuitesLocally(TestNG.java:1243)
	at org.testng.TestNG.runSuites(TestNG.java:1161)
	at org.testng.TestNG.run(TestNG.java:1129)
	at org.testng.remote.AbstractRemoteTestNG.run(AbstractRemoteTestNG.java:114)
	at org.testng.remote.RemoteTestNG.initAndRun(RemoteTestNG.java:251)
	at org.testng.remote.RemoteTestNG.main(RemoteTestNG.java:77)
</pre></div><a href='#' onClick='toggleBox("stack-trace1678046232", this, "Click to show all stack frames", "Click to hide stack frames")'>Click to show all stack frames</a>
<div class='stack-trace' id='stack-trace1678046232'><pre>org.testng.TestNGException: 
Parameter &apos;browserType&apos; is required by BeforeClass on method initializeTestBaseSetup but has not been marked @Optional or defined
in /private/var/folders/59/y_w4s2yd1zs5l1sxd4xg5sprn7sbhl/T/testng-eclipse-788171660/testng-customsuite.xml
	at org.testng.internal.Parameters.createParams(Parameters.java:248)
	at org.testng.internal.Parameters.createParametersForMethod(Parameters.java:286)
	at org.testng.internal.Parameters.createParameters(Parameters.java:547)
	at org.testng.internal.Parameters.createConfigurationParameters(Parameters.java:150)
	at org.testng.internal.Invoker.invokeConfigurations(Invoker.java:206)
	at org.testng.internal.Invoker.invokeConfigurations(Invoker.java:146)
	at org.testng.internal.TestMethodWorker.invokeBeforeClassMethods(TestMethodWorker.java:165)
	at org.testng.internal.TestMethodWorker.run(TestMethodWorker.java:105)
	at org.testng.TestRunner.privateRun(TestRunner.java:776)
	at org.testng.TestRunner.run(TestRunner.java:634)
	at org.testng.SuiteRunner.runTest(SuiteRunner.java:425)
	at org.testng.SuiteRunner.runSequentially(SuiteRunner.java:420)
	at org.testng.SuiteRunner.privateRun(SuiteRunner.java:385)
	at org.testng.SuiteRunner.run(SuiteRunner.java:334)
	at org.testng.SuiteRunnerWorker.runSuite(SuiteRunnerWorker.java:52)
	at org.testng.SuiteRunnerWorker.run(SuiteRunnerWorker.java:86)
	at org.testng.TestNG.runSuitesSequentially(TestNG.java:1318)
	at org.testng.TestNG.runSuitesLocally(TestNG.java:1243)
	at org.testng.TestNG.runSuites(TestNG.java:1161)
	at org.testng.TestNG.run(TestNG.java:1129)
	at org.testng.remote.AbstractRemoteTestNG.run(AbstractRemoteTestNG.java:114)
	at org.testng.remote.RemoteTestNG.initAndRun(RemoteTestNG.java:251)
	at org.testng.remote.RemoteTestNG.main(RemoteTestNG.java:77)
</pre></div></td>
<td>0</td>
<td>com.ifs.tests.ChannelPageTest@306cf3ea</td></tr>
<tr>
<td title='com.ifs.tests.UploadMediaTest.OpenUpload()'><b>OpenUpload</b><br>Test class: com.ifs.tests.UploadMediaTest</td>
<td><div><pre>org.testng.TestNGException: 
Parameter &apos;browserType&apos; is required by BeforeClass on method initializeTestBaseSetup but has not been marked @Optional or defined
in /private/var/folders/59/y_w4s2yd1zs5l1sxd4xg5sprn7sbhl/T/testng-eclipse-788171660/testng-customsuite.xml
	at org.testng.internal.Parameters.createParams(Parameters.java:248)
	at org.testng.internal.Parameters.createParametersForMethod(Parameters.java:286)
	at org.testng.internal.Parameters.createParameters(Parameters.java:547)
	at org.testng.internal.Parameters.createConfigurationParameters(Parameters.java:150)
	at org.testng.internal.Invoker.invokeConfigurations(Invoker.java:206)
	at org.testng.internal.Invoker.invokeConfigurations(Invoker.java:146)
	at org.testng.internal.TestMethodWorker.invokeBeforeClassMethods(TestMethodWorker.java:165)
	at org.testng.internal.TestMethodWorker.run(TestMethodWorker.java:105)
	at org.testng.TestRunner.privateRun(TestRunner.java:776)
	at org.testng.TestRunner.run(TestRunner.java:634)
	at org.testng.SuiteRunner.runTest(SuiteRunner.java:425)
	at org.testng.SuiteRunner.runSequentially(SuiteRunner.java:420)
	at org.testng.SuiteRunner.privateRun(SuiteRunner.java:385)
	at org.testng.SuiteRunner.run(SuiteRunner.java:334)
	at org.testng.SuiteRunnerWorker.runSuite(SuiteRunnerWorker.java:52)
	at org.testng.SuiteRunnerWorker.run(SuiteRunnerWorker.java:86)
	at org.testng.TestNG.runSuitesSequentially(TestNG.java:1318)
	at org.testng.TestNG.runSuitesLocally(TestNG.java:1243)
	at org.testng.TestNG.runSuites(TestNG.java:1161)
	at org.testng.TestNG.run(TestNG.java:1129)
	at org.testng.remote.AbstractRemoteTestNG.run(AbstractRemoteTestNG.java:114)
	at org.testng.remote.RemoteTestNG.initAndRun(RemoteTestNG.java:251)
	at org.testng.remote.RemoteTestNG.main(RemoteTestNG.java:77)
</pre></div><a href='#' onClick='toggleBox("stack-trace782505238", this, "Click to show all stack frames", "Click to hide stack frames")'>Click to show all stack frames</a>
<div class='stack-trace' id='stack-trace782505238'><pre>org.testng.TestNGException: 
Parameter &apos;browserType&apos; is required by BeforeClass on method initializeTestBaseSetup but has not been marked @Optional or defined
in /private/var/folders/59/y_w4s2yd1zs5l1sxd4xg5sprn7sbhl/T/testng-eclipse-788171660/testng-customsuite.xml
	at org.testng.internal.Parameters.createParams(Parameters.java:248)
	at org.testng.internal.Parameters.createParametersForMethod(Parameters.java:286)
	at org.testng.internal.Parameters.createParameters(Parameters.java:547)
	at org.testng.internal.Parameters.createConfigurationParameters(Parameters.java:150)
	at org.testng.internal.Invoker.invokeConfigurations(Invoker.java:206)
	at org.testng.internal.Invoker.invokeConfigurations(Invoker.java:146)
	at org.testng.internal.TestMethodWorker.invokeBeforeClassMethods(TestMethodWorker.java:165)
	at org.testng.internal.TestMethodWorker.run(TestMethodWorker.java:105)
	at org.testng.TestRunner.privateRun(TestRunner.java:776)
	at org.testng.TestRunner.run(TestRunner.java:634)
	at org.testng.SuiteRunner.runTest(SuiteRunner.java:425)
	at org.testng.SuiteRunner.runSequentially(SuiteRunner.java:420)
	at org.testng.SuiteRunner.privateRun(SuiteRunner.java:385)
	at org.testng.SuiteRunner.run(SuiteRunner.java:334)
	at org.testng.SuiteRunnerWorker.runSuite(SuiteRunnerWorker.java:52)
	at org.testng.SuiteRunnerWorker.run(SuiteRunnerWorker.java:86)
	at org.testng.TestNG.runSuitesSequentially(TestNG.java:1318)
	at org.testng.TestNG.runSuitesLocally(TestNG.java:1243)
	at org.testng.TestNG.runSuites(TestNG.java:1161)
	at org.testng.TestNG.run(TestNG.java:1129)
	at org.testng.remote.AbstractRemoteTestNG.run(AbstractRemoteTestNG.java:114)
	at org.testng.remote.RemoteTestNG.initAndRun(RemoteTestNG.java:251)
	at org.testng.remote.RemoteTestNG.main(RemoteTestNG.java:77)
</pre></div></td>
<td>0</td>
<td>com.ifs.tests.UploadMediaTest@5939a379</td></tr>
<tr>
<td title='com.ifs.tests.BuildMenuTest.verifyBuild()'><b>verifyBuild</b><br>Test class: com.ifs.tests.BuildMenuTest</td>
<td><div><pre>org.testng.TestNGException: 
Parameter &apos;browserType&apos; is required by BeforeClass on method initializeTestBaseSetup but has not been marked @Optional or defined
in /private/var/folders/59/y_w4s2yd1zs5l1sxd4xg5sprn7sbhl/T/testng-eclipse-788171660/testng-customsuite.xml
	at org.testng.internal.Parameters.createParams(Parameters.java:248)
	at org.testng.internal.Parameters.createParametersForMethod(Parameters.java:286)
	at org.testng.internal.Parameters.createParameters(Parameters.java:547)
	at org.testng.internal.Parameters.createConfigurationParameters(Parameters.java:150)
	at org.testng.internal.Invoker.invokeConfigurations(Invoker.java:206)
	at org.testng.internal.Invoker.invokeConfigurations(Invoker.java:146)
	at org.testng.internal.TestMethodWorker.invokeBeforeClassMethods(TestMethodWorker.java:165)
	at org.testng.internal.TestMethodWorker.run(TestMethodWorker.java:105)
	at org.testng.TestRunner.privateRun(TestRunner.java:776)
	at org.testng.TestRunner.run(TestRunner.java:634)
	at org.testng.SuiteRunner.runTest(SuiteRunner.java:425)
	at org.testng.SuiteRunner.runSequentially(SuiteRunner.java:420)
	at org.testng.SuiteRunner.privateRun(SuiteRunner.java:385)
	at org.testng.SuiteRunner.run(SuiteRunner.java:334)
	at org.testng.SuiteRunnerWorker.runSuite(SuiteRunnerWorker.java:52)
	at org.testng.SuiteRunnerWorker.run(SuiteRunnerWorker.java:86)
	at org.testng.TestNG.runSuitesSequentially(TestNG.java:1318)
	at org.testng.TestNG.runSuitesLocally(TestNG.java:1243)
	at org.testng.TestNG.runSuites(TestNG.java:1161)
	at org.testng.TestNG.run(TestNG.java:1129)
	at org.testng.remote.AbstractRemoteTestNG.run(AbstractRemoteTestNG.java:114)
	at org.testng.remote.RemoteTestNG.initAndRun(RemoteTestNG.java:251)
	at org.testng.remote.RemoteTestNG.main(RemoteTestNG.java:77)
</pre></div><a href='#' onClick='toggleBox("stack-trace838473569", this, "Click to show all stack frames", "Click to hide stack frames")'>Click to show all stack frames</a>
<div class='stack-trace' id='stack-trace838473569'><pre>org.testng.TestNGException: 
Parameter &apos;browserType&apos; is required by BeforeClass on method initializeTestBaseSetup but has not been marked @Optional or defined
in /private/var/folders/59/y_w4s2yd1zs5l1sxd4xg5sprn7sbhl/T/testng-eclipse-788171660/testng-customsuite.xml
	at org.testng.internal.Parameters.createParams(Parameters.java:248)
	at org.testng.internal.Parameters.createParametersForMethod(Parameters.java:286)
	at org.testng.internal.Parameters.createParameters(Parameters.java:547)
	at org.testng.internal.Parameters.createConfigurationParameters(Parameters.java:150)
	at org.testng.internal.Invoker.invokeConfigurations(Invoker.java:206)
	at org.testng.internal.Invoker.invokeConfigurations(Invoker.java:146)
	at org.testng.internal.TestMethodWorker.invokeBeforeClassMethods(TestMethodWorker.java:165)
	at org.testng.internal.TestMethodWorker.run(TestMethodWorker.java:105)
	at org.testng.TestRunner.privateRun(TestRunner.java:776)
	at org.testng.TestRunner.run(TestRunner.java:634)
	at org.testng.SuiteRunner.runTest(SuiteRunner.java:425)
	at org.testng.SuiteRunner.runSequentially(SuiteRunner.java:420)
	at org.testng.SuiteRunner.privateRun(SuiteRunner.java:385)
	at org.testng.SuiteRunner.run(SuiteRunner.java:334)
	at org.testng.SuiteRunnerWorker.runSuite(SuiteRunnerWorker.java:52)
	at org.testng.SuiteRunnerWorker.run(SuiteRunnerWorker.java:86)
	at org.testng.TestNG.runSuitesSequentially(TestNG.java:1318)
	at org.testng.TestNG.runSuitesLocally(TestNG.java:1243)
	at org.testng.TestNG.runSuites(TestNG.java:1161)
	at org.testng.TestNG.run(TestNG.java:1129)
	at org.testng.remote.AbstractRemoteTestNG.run(AbstractRemoteTestNG.java:114)
	at org.testng.remote.RemoteTestNG.initAndRun(RemoteTestNG.java:251)
	at org.testng.remote.RemoteTestNG.main(RemoteTestNG.java:77)
</pre></div></td>
<td>0</td>
<td>com.ifs.tests.BuildMenuTest@2beee7ff</td></tr>
<tr>
<td title='com.ifs.tests.SupportSectionTest.verifyCreateAnAccounPage()'><b>verifyCreateAnAccounPage</b><br>Test class: com.ifs.tests.SupportSectionTest</td>
<td><div><pre>org.testng.TestNGException: 
Parameter &apos;browserType&apos; is required by BeforeClass on method initializeTestBaseSetup but has not been marked @Optional or defined
in /private/var/folders/59/y_w4s2yd1zs5l1sxd4xg5sprn7sbhl/T/testng-eclipse-788171660/testng-customsuite.xml
	at org.testng.internal.Parameters.createParams(Parameters.java:248)
	at org.testng.internal.Parameters.createParametersForMethod(Parameters.java:286)
	at org.testng.internal.Parameters.createParameters(Parameters.java:547)
	at org.testng.internal.Parameters.createConfigurationParameters(Parameters.java:150)
	at org.testng.internal.Invoker.invokeConfigurations(Invoker.java:206)
	at org.testng.internal.Invoker.invokeConfigurations(Invoker.java:146)
	at org.testng.internal.TestMethodWorker.invokeBeforeClassMethods(TestMethodWorker.java:165)
	at org.testng.internal.TestMethodWorker.run(TestMethodWorker.java:105)
	at org.testng.TestRunner.privateRun(TestRunner.java:776)
	at org.testng.TestRunner.run(TestRunner.java:634)
	at org.testng.SuiteRunner.runTest(SuiteRunner.java:425)
	at org.testng.SuiteRunner.runSequentially(SuiteRunner.java:420)
	at org.testng.SuiteRunner.privateRun(SuiteRunner.java:385)
	at org.testng.SuiteRunner.run(SuiteRunner.java:334)
	at org.testng.SuiteRunnerWorker.runSuite(SuiteRunnerWorker.java:52)
	at org.testng.SuiteRunnerWorker.run(SuiteRunnerWorker.java:86)
	at org.testng.TestNG.runSuitesSequentially(TestNG.java:1318)
	at org.testng.TestNG.runSuitesLocally(TestNG.java:1243)
	at org.testng.TestNG.runSuites(TestNG.java:1161)
	at org.testng.TestNG.run(TestNG.java:1129)
	at org.testng.remote.AbstractRemoteTestNG.run(AbstractRemoteTestNG.java:114)
	at org.testng.remote.RemoteTestNG.initAndRun(RemoteTestNG.java:251)
	at org.testng.remote.RemoteTestNG.main(RemoteTestNG.java:77)
</pre></div><a href='#' onClick='toggleBox("stack-trace2074820378", this, "Click to show all stack frames", "Click to hide stack frames")'>Click to show all stack frames</a>
<div class='stack-trace' id='stack-trace2074820378'><pre>org.testng.TestNGException: 
Parameter &apos;browserType&apos; is required by BeforeClass on method initializeTestBaseSetup but has not been marked @Optional or defined
in /private/var/folders/59/y_w4s2yd1zs5l1sxd4xg5sprn7sbhl/T/testng-eclipse-788171660/testng-customsuite.xml
	at org.testng.internal.Parameters.createParams(Parameters.java:248)
	at org.testng.internal.Parameters.createParametersForMethod(Parameters.java:286)
	at org.testng.internal.Parameters.createParameters(Parameters.java:547)
	at org.testng.internal.Parameters.createConfigurationParameters(Parameters.java:150)
	at org.testng.internal.Invoker.invokeConfigurations(Invoker.java:206)
	at org.testng.internal.Invoker.invokeConfigurations(Invoker.java:146)
	at org.testng.internal.TestMethodWorker.invokeBeforeClassMethods(TestMethodWorker.java:165)
	at org.testng.internal.TestMethodWorker.run(TestMethodWorker.java:105)
	at org.testng.TestRunner.privateRun(TestRunner.java:776)
	at org.testng.TestRunner.run(TestRunner.java:634)
	at org.testng.SuiteRunner.runTest(SuiteRunner.java:425)
	at org.testng.SuiteRunner.runSequentially(SuiteRunner.java:420)
	at org.testng.SuiteRunner.privateRun(SuiteRunner.java:385)
	at org.testng.SuiteRunner.run(SuiteRunner.java:334)
	at org.testng.SuiteRunnerWorker.runSuite(SuiteRunnerWorker.java:52)
	at org.testng.SuiteRunnerWorker.run(SuiteRunnerWorker.java:86)
	at org.testng.TestNG.runSuitesSequentially(TestNG.java:1318)
	at org.testng.TestNG.runSuitesLocally(TestNG.java:1243)
	at org.testng.TestNG.runSuites(TestNG.java:1161)
	at org.testng.TestNG.run(TestNG.java:1129)
	at org.testng.remote.AbstractRemoteTestNG.run(AbstractRemoteTestNG.java:114)
	at org.testng.remote.RemoteTestNG.initAndRun(RemoteTestNG.java:251)
	at org.testng.remote.RemoteTestNG.main(RemoteTestNG.java:77)
</pre></div></td>
<td>0</td>
<td>com.ifs.tests.SupportSectionTest@5136d012</td></tr>
<tr>
<td title='com.ifs.tests.HomePageTest.verifyLoadHomePage()'><b>verifyLoadHomePage</b><br>Test class: com.ifs.tests.HomePageTest</td>
<td><div><pre>org.testng.TestNGException: 
Parameter &apos;browserType&apos; is required by BeforeClass on method initializeTestBaseSetup but has not been marked @Optional or defined
in /private/var/folders/59/y_w4s2yd1zs5l1sxd4xg5sprn7sbhl/T/testng-eclipse-788171660/testng-customsuite.xml
	at org.testng.internal.Parameters.createParams(Parameters.java:248)
	at org.testng.internal.Parameters.createParametersForMethod(Parameters.java:286)
	at org.testng.internal.Parameters.createParameters(Parameters.java:547)
	at org.testng.internal.Parameters.createConfigurationParameters(Parameters.java:150)
	at org.testng.internal.Invoker.invokeConfigurations(Invoker.java:206)
	at org.testng.internal.Invoker.invokeConfigurations(Invoker.java:146)
	at org.testng.internal.TestMethodWorker.invokeBeforeClassMethods(TestMethodWorker.java:165)
	at org.testng.internal.TestMethodWorker.run(TestMethodWorker.java:105)
	at org.testng.TestRunner.privateRun(TestRunner.java:776)
	at org.testng.TestRunner.run(TestRunner.java:634)
	at org.testng.SuiteRunner.runTest(SuiteRunner.java:425)
	at org.testng.SuiteRunner.runSequentially(SuiteRunner.java:420)
	at org.testng.SuiteRunner.privateRun(SuiteRunner.java:385)
	at org.testng.SuiteRunner.run(SuiteRunner.java:334)
	at org.testng.SuiteRunnerWorker.runSuite(SuiteRunnerWorker.java:52)
	at org.testng.SuiteRunnerWorker.run(SuiteRunnerWorker.java:86)
	at org.testng.TestNG.runSuitesSequentially(TestNG.java:1318)
	at org.testng.TestNG.runSuitesLocally(TestNG.java:1243)
	at org.testng.TestNG.runSuites(TestNG.java:1161)
	at org.testng.TestNG.run(TestNG.java:1129)
	at org.testng.remote.AbstractRemoteTestNG.run(AbstractRemoteTestNG.java:114)
	at org.testng.remote.RemoteTestNG.initAndRun(RemoteTestNG.java:251)
	at org.testng.remote.RemoteTestNG.main(RemoteTestNG.java:77)
</pre></div><a href='#' onClick='toggleBox("stack-trace1304117943", this, "Click to show all stack frames", "Click to hide stack frames")'>Click to show all stack frames</a>
<div class='stack-trace' id='stack-trace1304117943'><pre>org.testng.TestNGException: 
Parameter &apos;browserType&apos; is required by BeforeClass on method initializeTestBaseSetup but has not been marked @Optional or defined
in /private/var/folders/59/y_w4s2yd1zs5l1sxd4xg5sprn7sbhl/T/testng-eclipse-788171660/testng-customsuite.xml
	at org.testng.internal.Parameters.createParams(Parameters.java:248)
	at org.testng.internal.Parameters.createParametersForMethod(Parameters.java:286)
	at org.testng.internal.Parameters.createParameters(Parameters.java:547)
	at org.testng.internal.Parameters.createConfigurationParameters(Parameters.java:150)
	at org.testng.internal.Invoker.invokeConfigurations(Invoker.java:206)
	at org.testng.internal.Invoker.invokeConfigurations(Invoker.java:146)
	at org.testng.internal.TestMethodWorker.invokeBeforeClassMethods(TestMethodWorker.java:165)
	at org.testng.internal.TestMethodWorker.run(TestMethodWorker.java:105)
	at org.testng.TestRunner.privateRun(TestRunner.java:776)
	at org.testng.TestRunner.run(TestRunner.java:634)
	at org.testng.SuiteRunner.runTest(SuiteRunner.java:425)
	at org.testng.SuiteRunner.runSequentially(SuiteRunner.java:420)
	at org.testng.SuiteRunner.privateRun(SuiteRunner.java:385)
	at org.testng.SuiteRunner.run(SuiteRunner.java:334)
	at org.testng.SuiteRunnerWorker.runSuite(SuiteRunnerWorker.java:52)
	at org.testng.SuiteRunnerWorker.run(SuiteRunnerWorker.java:86)
	at org.testng.TestNG.runSuitesSequentially(TestNG.java:1318)
	at org.testng.TestNG.runSuitesLocally(TestNG.java:1243)
	at org.testng.TestNG.runSuites(TestNG.java:1161)
	at org.testng.TestNG.run(TestNG.java:1129)
	at org.testng.remote.AbstractRemoteTestNG.run(AbstractRemoteTestNG.java:114)
	at org.testng.remote.RemoteTestNG.initAndRun(RemoteTestNG.java:251)
	at org.testng.remote.RemoteTestNG.main(RemoteTestNG.java:77)
</pre></div></td>
<td>0</td>
<td>com.ifs.tests.HomePageTest@e1de817</td></tr>
<tr>
<td title='com.ifs.tests.SignInPageTest.verifySignInEmpty()'><b>verifySignInEmpty</b><br>Test class: com.ifs.tests.SignInPageTest</td>
<td><div><pre>org.testng.TestNGException: 
Parameter &apos;browserType&apos; is required by BeforeClass on method initializeTestBaseSetup but has not been marked @Optional or defined
in /private/var/folders/59/y_w4s2yd1zs5l1sxd4xg5sprn7sbhl/T/testng-eclipse-788171660/testng-customsuite.xml
	at org.testng.internal.Parameters.createParams(Parameters.java:248)
	at org.testng.internal.Parameters.createParametersForMethod(Parameters.java:286)
	at org.testng.internal.Parameters.createParameters(Parameters.java:547)
	at org.testng.internal.Parameters.createConfigurationParameters(Parameters.java:150)
	at org.testng.internal.Invoker.invokeConfigurations(Invoker.java:206)
	at org.testng.internal.Invoker.invokeConfigurations(Invoker.java:146)
	at org.testng.internal.TestMethodWorker.invokeBeforeClassMethods(TestMethodWorker.java:165)
	at org.testng.internal.TestMethodWorker.run(TestMethodWorker.java:105)
	at org.testng.TestRunner.privateRun(TestRunner.java:776)
	at org.testng.TestRunner.run(TestRunner.java:634)
	at org.testng.SuiteRunner.runTest(SuiteRunner.java:425)
	at org.testng.SuiteRunner.runSequentially(SuiteRunner.java:420)
	at org.testng.SuiteRunner.privateRun(SuiteRunner.java:385)
	at org.testng.SuiteRunner.run(SuiteRunner.java:334)
	at org.testng.SuiteRunnerWorker.runSuite(SuiteRunnerWorker.java:52)
	at org.testng.SuiteRunnerWorker.run(SuiteRunnerWorker.java:86)
	at org.testng.TestNG.runSuitesSequentially(TestNG.java:1318)
	at org.testng.TestNG.runSuitesLocally(TestNG.java:1243)
	at org.testng.TestNG.runSuites(TestNG.java:1161)
	at org.testng.TestNG.run(TestNG.java:1129)
	at org.testng.remote.AbstractRemoteTestNG.run(AbstractRemoteTestNG.java:114)
	at org.testng.remote.RemoteTestNG.initAndRun(RemoteTestNG.java:251)
	at org.testng.remote.RemoteTestNG.main(RemoteTestNG.java:77)
</pre></div><a href='#' onClick='toggleBox("stack-trace741730375", this, "Click to show all stack frames", "Click to hide stack frames")'>Click to show all stack frames</a>
<div class='stack-trace' id='stack-trace741730375'><pre>org.testng.TestNGException: 
Parameter &apos;browserType&apos; is required by BeforeClass on method initializeTestBaseSetup but has not been marked @Optional or defined
in /private/var/folders/59/y_w4s2yd1zs5l1sxd4xg5sprn7sbhl/T/testng-eclipse-788171660/testng-customsuite.xml
	at org.testng.internal.Parameters.createParams(Parameters.java:248)
	at org.testng.internal.Parameters.createParametersForMethod(Parameters.java:286)
	at org.testng.internal.Parameters.createParameters(Parameters.java:547)
	at org.testng.internal.Parameters.createConfigurationParameters(Parameters.java:150)
	at org.testng.internal.Invoker.invokeConfigurations(Invoker.java:206)
	at org.testng.internal.Invoker.invokeConfigurations(Invoker.java:146)
	at org.testng.internal.TestMethodWorker.invokeBeforeClassMethods(TestMethodWorker.java:165)
	at org.testng.internal.TestMethodWorker.run(TestMethodWorker.java:105)
	at org.testng.TestRunner.privateRun(TestRunner.java:776)
	at org.testng.TestRunner.run(TestRunner.java:634)
	at org.testng.SuiteRunner.runTest(SuiteRunner.java:425)
	at org.testng.SuiteRunner.runSequentially(SuiteRunner.java:420)
	at org.testng.SuiteRunner.privateRun(SuiteRunner.java:385)
	at org.testng.SuiteRunner.run(SuiteRunner.java:334)
	at org.testng.SuiteRunnerWorker.runSuite(SuiteRunnerWorker.java:52)
	at org.testng.SuiteRunnerWorker.run(SuiteRunnerWorker.java:86)
	at org.testng.TestNG.runSuitesSequentially(TestNG.java:1318)
	at org.testng.TestNG.runSuitesLocally(TestNG.java:1243)
	at org.testng.TestNG.runSuites(TestNG.java:1161)
	at org.testng.TestNG.run(TestNG.java:1129)
	at org.testng.remote.AbstractRemoteTestNG.run(AbstractRemoteTestNG.java:114)
	at org.testng.remote.RemoteTestNG.initAndRun(RemoteTestNG.java:251)
	at org.testng.remote.RemoteTestNG.main(RemoteTestNG.java:77)
</pre></div></td>
<td>0</td>
<td>com.ifs.tests.SignInPageTest@1bb266b3</td></tr>
<tr>
<td title='com.ifs.tests.SignInPageTest.verifySignInSucessfully()'><b>verifySignInSucessfully</b><br>Test class: com.ifs.tests.SignInPageTest</td>
<td><div><pre>org.testng.TestNGException: 
Parameter &apos;browserType&apos; is required by BeforeClass on method initializeTestBaseSetup but has not been marked @Optional or defined
in /private/var/folders/59/y_w4s2yd1zs5l1sxd4xg5sprn7sbhl/T/testng-eclipse-788171660/testng-customsuite.xml
	at org.testng.internal.Parameters.createParams(Parameters.java:248)
	at org.testng.internal.Parameters.createParametersForMethod(Parameters.java:286)
	at org.testng.internal.Parameters.createParameters(Parameters.java:547)
	at org.testng.internal.Parameters.createConfigurationParameters(Parameters.java:150)
	at org.testng.internal.Invoker.invokeConfigurations(Invoker.java:206)
	at org.testng.internal.Invoker.invokeConfigurations(Invoker.java:146)
	at org.testng.internal.TestMethodWorker.invokeBeforeClassMethods(TestMethodWorker.java:165)
	at org.testng.internal.TestMethodWorker.run(TestMethodWorker.java:105)
	at org.testng.TestRunner.privateRun(TestRunner.java:776)
	at org.testng.TestRunner.run(TestRunner.java:634)
	at org.testng.SuiteRunner.runTest(SuiteRunner.java:425)
	at org.testng.SuiteRunner.runSequentially(SuiteRunner.java:420)
	at org.testng.SuiteRunner.privateRun(SuiteRunner.java:385)
	at org.testng.SuiteRunner.run(SuiteRunner.java:334)
	at org.testng.SuiteRunnerWorker.runSuite(SuiteRunnerWorker.java:52)
	at org.testng.SuiteRunnerWorker.run(SuiteRunnerWorker.java:86)
	at org.testng.TestNG.runSuitesSequentially(TestNG.java:1318)
	at org.testng.TestNG.runSuitesLocally(TestNG.java:1243)
	at org.testng.TestNG.runSuites(TestNG.java:1161)
	at org.testng.TestNG.run(TestNG.java:1129)
	at org.testng.remote.AbstractRemoteTestNG.run(AbstractRemoteTestNG.java:114)
	at org.testng.remote.RemoteTestNG.initAndRun(RemoteTestNG.java:251)
	at org.testng.remote.RemoteTestNG.main(RemoteTestNG.java:77)
</pre></div><a href='#' onClick='toggleBox("stack-trace1128948651", this, "Click to show all stack frames", "Click to hide stack frames")'>Click to show all stack frames</a>
<div class='stack-trace' id='stack-trace1128948651'><pre>org.testng.TestNGException: 
Parameter &apos;browserType&apos; is required by BeforeClass on method initializeTestBaseSetup but has not been marked @Optional or defined
in /private/var/folders/59/y_w4s2yd1zs5l1sxd4xg5sprn7sbhl/T/testng-eclipse-788171660/testng-customsuite.xml
	at org.testng.internal.Parameters.createParams(Parameters.java:248)
	at org.testng.internal.Parameters.createParametersForMethod(Parameters.java:286)
	at org.testng.internal.Parameters.createParameters(Parameters.java:547)
	at org.testng.internal.Parameters.createConfigurationParameters(Parameters.java:150)
	at org.testng.internal.Invoker.invokeConfigurations(Invoker.java:206)
	at org.testng.internal.Invoker.invokeConfigurations(Invoker.java:146)
	at org.testng.internal.TestMethodWorker.invokeBeforeClassMethods(TestMethodWorker.java:165)
	at org.testng.internal.TestMethodWorker.run(TestMethodWorker.java:105)
	at org.testng.TestRunner.privateRun(TestRunner.java:776)
	at org.testng.TestRunner.run(TestRunner.java:634)
	at org.testng.SuiteRunner.runTest(SuiteRunner.java:425)
	at org.testng.SuiteRunner.runSequentially(SuiteRunner.java:420)
	at org.testng.SuiteRunner.privateRun(SuiteRunner.java:385)
	at org.testng.SuiteRunner.run(SuiteRunner.java:334)
	at org.testng.SuiteRunnerWorker.runSuite(SuiteRunnerWorker.java:52)
	at org.testng.SuiteRunnerWorker.run(SuiteRunnerWorker.java:86)
	at org.testng.TestNG.runSuitesSequentially(TestNG.java:1318)
	at org.testng.TestNG.runSuitesLocally(TestNG.java:1243)
	at org.testng.TestNG.runSuites(TestNG.java:1161)
	at org.testng.TestNG.run(TestNG.java:1129)
	at org.testng.remote.AbstractRemoteTestNG.run(AbstractRemoteTestNG.java:114)
	at org.testng.remote.RemoteTestNG.initAndRun(RemoteTestNG.java:251)
	at org.testng.remote.RemoteTestNG.main(RemoteTestNG.java:77)
</pre></div></td>
<td>0</td>
<td>com.ifs.tests.SignInPageTest@1bb266b3</td></tr>
</table><p>
</body>
</html>